{
"E:\\project\\test\\test_demo\\src\\components\\ScrollList\\index.tsx":{"path":"E:\\project\\test\\test_demo\\src\\components\\ScrollList\\index.tsx","statementMap":{"0":{"start":{"line":16,"column":38},"end":{"line":48,"column":1}},"1":{"start":{"line":17,"column":26},"end":{"line":17,"column":37}},"2":{"start":{"line":19,"column":22},"end":{"line":22,"column":3}},"3":{"start":{"line":20,"column":10},"end":{"line":20,"column":40}},"4":{"start":{"line":24,"column":2},"end":{"line":47,"column":4}},"5":{"start":{"line":29,"column":58},"end":{"line":29,"column":73}},"6":{"start":{"line":30,"column":8},"end":{"line":36,"column":9}},"7":{"start":{"line":34,"column":10},"end":{"line":34,"column":34}},"8":{"start":{"line":35,"column":10},"end":{"line":35,"column":28}},"9":{"start":{"line":40,"column":8},"end":{"line":44,"column":10}}},"fnMap":{"0":{"name":"(anonymous_0)","decl":{"start":{"line":16,"column":38},"end":{"line":16,"column":39}},"loc":{"start":{"line":16,"column":75},"end":{"line":48,"column":1}},"line":16},"1":{"name":"(anonymous_1)","decl":{"start":{"line":20,"column":4},"end":{"line":20,"column":5}},"loc":{"start":{"line":20,"column":10},"end":{"line":20,"column":40}},"line":20},"2":{"name":"(anonymous_2)","decl":{"start":{"line":28,"column":16},"end":{"line":28,"column":17}},"loc":{"start":{"line":28,"column":23},"end":{"line":37,"column":7}},"line":28},"3":{"name":"(anonymous_3)","decl":{"start":{"line":39,"column":23},"end":{"line":39,"column":24}},"loc":{"start":{"line":39,"column":40},"end":{"line":45,"column":7}},"line":39}},"branchMap":{"0":{"loc":{"start":{"line":16,"column":55},"end":{"line":16,"column":68}},"type":"default-arg","locations":[{"start":{"line":16,"column":66},"end":{"line":16,"column":68}}],"line":16},"1":{"loc":{"start":{"line":30,"column":8},"end":{"line":36,"column":9}},"type":"if","locations":[{"start":{"line":30,"column":8},"end":{"line":36,"column":9}},{"start":{},"end":{}}],"line":30},"2":{"loc":{"start":{"line":31,"column":10},"end":{"line":32,"column":42}},"type":"binary-expr","locations":[{"start":{"line":31,"column":10},"end":{"line":31,"column":50}},{"start":{"line":32,"column":10},"end":{"line":32,"column":42}}],"line":31}},"s":{"0":1,"1":4,"2":4,"3":4,"4":4,"5":3,"6":3,"7":3,"8":3,"9":28},"f":{"0":4,"1":4,"2":3,"3":28},"b":{"0":[0],"1":[3,0],"2":[3,3]},"l":{"16":1,"17":4,"19":4,"20":4,"24":4,"29":3,"30":3,"34":3,"35":3,"40":28}},
"E:\\project\\test\\test_demo\\src\\components\\DomAsync\\index.tsx":{"path":"E:\\project\\test\\test_demo\\src\\components\\DomAsync\\index.tsx","statementMap":{"0":{"start":{"line":6,"column":36},"end":{"line":25,"column":1}},"1":{"start":{"line":7,"column":26},"end":{"line":7,"column":38}},"2":{"start":{"line":9,"column":25},"end":{"line":11,"column":12}},"3":{"start":{"line":10,"column":4},"end":{"line":10,"column":44}},"4":{"start":{"line":13,"column":2},"end":{"line":17,"column":9}},"5":{"start":{"line":14,"column":4},"end":{"line":16,"column":12}},"6":{"start":{"line":15,"column":6},"end":{"line":15,"column":39}},"7":{"start":{"line":19,"column":2},"end":{"line":24,"column":4}}},"fnMap":{"0":{"name":"(anonymous_0)","decl":{"start":{"line":6,"column":36},"end":{"line":6,"column":37}},"loc":{"start":{"line":6,"column":44},"end":{"line":25,"column":1}},"line":6},"1":{"name":"(anonymous_1)","decl":{"start":{"line":9,"column":33},"end":{"line":9,"column":34}},"loc":{"start":{"line":9,"column":39},"end":{"line":11,"column":3}},"line":9},"2":{"name":"(anonymous_2)","decl":{"start":{"line":13,"column":12},"end":{"line":13,"column":13}},"loc":{"start":{"line":13,"column":18},"end":{"line":17,"column":3}},"line":13},"3":{"name":"(anonymous_3)","decl":{"start":{"line":14,"column":15},"end":{"line":14,"column":16}},"loc":{"start":{"line":14,"column":21},"end":{"line":16,"column":5}},"line":14}},"branchMap":{"0":{"loc":{"start":{"line":22,"column":7},"end":{"line":22,"column":42}},"type":"binary-expr","locations":[{"start":{"line":22,"column":7},"end":{"line":22,"column":21}},{"start":{"line":22,"column":25},"end":{"line":22,"column":42}}],"line":22}},"s":{"0":1,"1":2,"2":2,"3":2,"4":2,"5":1,"6":1,"7":2},"f":{"0":2,"1":2,"2":1,"3":1},"b":{"0":[2,1]},"_coverageSchema":"1a1c01bbd47fc00a2c39e90264f33305004495a9","hash":"8b33a673ebc51049e74d0de86b1beea1a26d18e0","l":{"6":1,"7":2,"9":2,"10":2,"13":2,"14":1,"15":1,"19":2}},
"E:\\project\\test\\test_demo\\src\\components\\DomEvent\\index.tsx":{"path":"E:\\project\\test\\test_demo\\src\\components\\DomEvent\\index.tsx","statementMap":{"0":{"start":{"line":8,"column":36},"end":{"line":14,"column":1}},"1":{"start":{"line":9,"column":2},"end":{"line":13,"column":4}}},"fnMap":{"0":{"name":"(anonymous_0)","decl":{"start":{"line":8,"column":36},"end":{"line":8,"column":37}},"loc":{"start":{"line":8,"column":53},"end":{"line":14,"column":1}},"line":8}},"branchMap":{},"s":{"0":1,"1":2},"f":{"0":2},"b":{},"_coverageSchema":"1a1c01bbd47fc00a2c39e90264f33305004495a9","hash":"99b4afdb6c1467832f3b67487bff1db2dac748f0","l":{"8":1,"9":2}},
"E:\\project\\test\\test_demo\\src\\components\\DomExpect\\index.tsx":{"path":"E:\\project\\test\\test_demo\\src\\components\\DomExpect\\index.tsx","statementMap":{"0":{"start":{"line":7,"column":37},"end":{"line":77,"column":1}},"1":{"start":{"line":8,"column":46},"end":{"line":13,"column":4}},"2":{"start":{"line":15,"column":2},"end":{"line":76,"column":4}},"3":{"start":{"line":60,"column":10},"end":{"line":60,"column":34}}},"fnMap":{"0":{"name":"(anonymous_0)","decl":{"start":{"line":7,"column":37},"end":{"line":7,"column":38}},"loc":{"start":{"line":7,"column":45},"end":{"line":77,"column":1}},"line":7},"1":{"name":"(anonymous_1)","decl":{"start":{"line":59,"column":18},"end":{"line":59,"column":19}},"loc":{"start":{"line":59,"column":39},"end":{"line":61,"column":9}},"line":59}},"branchMap":{},"s":{"0":1,"1":4,"2":4,"3":16},"f":{"0":4,"1":16},"b":{},"_coverageSchema":"1a1c01bbd47fc00a2c39e90264f33305004495a9","hash":"7ffff63da78ded36862e88fe9dddf4eee73a2e60","l":{"7":1,"8":4,"15":4,"60":16}},
"E:\\project\\test\\test_demo\\src\\components\\DomQuery\\index.tsx":{"path":"E:\\project\\test\\test_demo\\src\\components\\DomQuery\\index.tsx","statementMap":{"0":{"start":{"line":6,"column":36},"end":{"line":29,"column":1}},"1":{"start":{"line":7,"column":2},"end":{"line":28,"column":4}}},"fnMap":{"0":{"name":"(anonymous_0)","decl":{"start":{"line":6,"column":36},"end":{"line":6,"column":37}},"loc":{"start":{"line":6,"column":44},"end":{"line":29,"column":1}},"line":6}},"branchMap":{},"s":{"0":1,"1":12},"f":{"0":12},"b":{},"_coverageSchema":"1a1c01bbd47fc00a2c39e90264f33305004495a9","hash":"3f7c25e2e6597aa8da98f0351fffbddeed999a13","l":{"6":1,"7":12}},
"E:\\project\\test\\test_demo\\src\\components\\DomSnap\\index.tsx":{"path":"E:\\project\\test\\test_demo\\src\\components\\DomSnap\\index.tsx","statementMap":{"0":{"start":{"line":6,"column":35},"end":{"line":35,"column":1}},"1":{"start":{"line":7,"column":2},"end":{"line":34,"column":4}}},"fnMap":{"0":{"name":"(anonymous_0)","decl":{"start":{"line":6,"column":35},"end":{"line":6,"column":36}},"loc":{"start":{"line":6,"column":43},"end":{"line":35,"column":1}},"line":6}},"branchMap":{},"s":{"0":1,"1":2},"f":{"0":2},"b":{},"_coverageSchema":"1a1c01bbd47fc00a2c39e90264f33305004495a9","hash":"81aa9c17c5459589cf26eda2b8b3488357971442","l":{"6":1,"7":2}},
"E:\\project\\test\\test_demo\\src\\components\\RenderHook\\index.tsx":{"path":"E:\\project\\test\\test_demo\\src\\components\\RenderHook\\index.tsx","statementMap":{"0":{"start":{"line":7,"column":38},"end":{"line":16,"column":1}},"1":{"start":{"line":8,"column":28},"end":{"line":8,"column":38}},"2":{"start":{"line":10,"column":2},"end":{"line":15,"column":4}}},"fnMap":{"0":{"name":"(anonymous_0)","decl":{"start":{"line":7,"column":38},"end":{"line":7,"column":39}},"loc":{"start":{"line":7,"column":46},"end":{"line":16,"column":1}},"line":7}},"branchMap":{},"s":{"0":1,"1":2,"2":2},"f":{"0":2},"b":{},"_coverageSchema":"1a1c01bbd47fc00a2c39e90264f33305004495a9","hash":"9fe99b684d3677f469b13c48c193abe1ae8f3d8c","l":{"7":1,"8":2,"10":2}}}
